-- Found ament_cmake: 0.9.12 (/opt/ros/foxy/share/ament_cmake/cmake)
-- Using PYTHON_EXECUTABLE: /usr/bin/python3
-- Override CMake install command with custom implementation using symlinks instead of copying resources
-- Found rclcpp: 2.4.3 (/opt/ros/foxy/share/rclcpp/cmake)
-- Using all available rosidl_typesupport_c: rosidl_typesupport_fastrtps_c;rosidl_typesupport_introspection_c
-- Found rosidl_adapter: 1.3.1 (/opt/ros/foxy/share/rosidl_adapter/cmake)
-- Using all available rosidl_typesupport_cpp: rosidl_typesupport_fastrtps_cpp;rosidl_typesupport_introspection_cpp
-- Found rmw_implementation_cmake: 1.0.4 (/opt/ros/foxy/share/rmw_implementation_cmake/cmake)
-- Using RMW implementation 'rmw_fastrtps_cpp' as default
-- Found wearable_robot_interfaces: 0.0.0 (/home/kimm/wearable_robot_ws/install/wearable_robot_interfaces/share/wearable_robot_interfaces/cmake)
-- Found ros2_socketcan_msgs: 1.3.0 (/home/kimm/wearable_robot_ws/install/ros2_socketcan_msgs/share/ros2_socketcan_msgs/cmake)
-- Found ros2_socketcan: 1.3.0 (/home/kimm/wearable_robot_ws/install/ros2_socketcan/share/ros2_socketcan/cmake)
-- Found ament_lint_auto: 0.9.8 (/opt/ros/foxy/share/ament_lint_auto/cmake)
-- Added test 'copyright' to check source files copyright and LICENSE
-- Added test 'cppcheck' to perform static code analysis on C / C++ code
-- Configured cppcheck include dirs: 
-- Configured cppcheck exclude dirs and/or files: 
-- Added test 'cpplint' to check C / C++ code against the Google style
-- Configured cpplint exclude dirs and/or files: 
-- Added test 'lint_cmake' to check CMake code style
-- Added test 'uncrustify' to check C / C++ code style
-- Configured uncrustify additional arguments: 
-- Added test 'xmllint' to check XML markup files
-- Configuring done
-- Generating done
-- Build files have been written to: /home/kimm/wearable_robot_ws/build/wearable_robot_control
[35m[1mScanning dependencies of target actuator_temp_control_node[0m
[35m[1mScanning dependencies of target temperature_logger_node[0m
[35m[1mScanning dependencies of target waist_robot_control_node[0m
[ 33%] [32mBuilding CXX object CMakeFiles/actuator_temp_control_node.dir/src/actuator_control_node.cpp.o[0m
[ 33%] [32mBuilding CXX object CMakeFiles/temperature_logger_node.dir/src/temperature_logger_node.cpp.o[0m
[ 50%] [32mBuilding CXX object CMakeFiles/waist_robot_control_node.dir/src/waist_robot_control_node.cpp.o[0m
[01m[K/home/kimm/wearable_robot_ws/src/wearable_robot_control/src/waist_robot_control_node.cpp:6:10:[m[K [01;31m[Kfatal error: [m[Kwearable_robot_interfaces/msg/intension_data.hpp: No such file or directory
    6 | #include [01;31m[K<wearable_robot_interfaces/msg/intension_data.hpp>[m[K
      |          [01;31m[K^~~~~~~~~~~~~~~~~~~~~~~~~~~~~~~~~~~~~~~~~~~~~~~~~~[m[K
compilation terminated.
make[2]: *** [CMakeFiles/waist_robot_control_node.dir/build.make:63: CMakeFiles/waist_robot_control_node.dir/src/waist_robot_control_node.cpp.o] Error 1
make[1]: *** [CMakeFiles/Makefile2:82: CMakeFiles/waist_robot_control_node.dir/all] Error 2
make[1]: *** Waiting for unfinished jobs....
[ 66%] [32m[1mLinking CXX executable actuator_temp_control_node[0m
[ 66%] Built target actuator_temp_control_node
[ 83%] [32m[1mLinking CXX executable temperature_logger_node[0m
[ 83%] Built target temperature_logger_node
make: *** [Makefile:141: all] Error 2
