[  9%] Built target gtest
[ 33%] Built target ros2_socketcan
[ 42%] Built target gtest_main
[ 52%] Built target socket_can_receiver_node_exe
[ 61%] Built target socket_can_sender_node_exe
[ 71%] [32mBuilding CXX object CMakeFiles/socket_can_receiver_node.dir/src/socket_can_receiver_node.cpp.o[0m
[ 85%] Built target ros2_socketcan_test
In file included from [01m[K/home/kimm/wearable_robot_ws/src/ros2_socketcan/ros2_socketcan/src/socket_can_receiver_node.cpp:67[m[K:
[01m[K/home/kimm/wearable_robot_ws/src/ros2_socketcan/ros2_socketcan/include/ros2_socketcan/socket_can_receiver_node.hpp:45:24:[m[K [01;31m[Kerror: [m[Kredefinition of â€˜[01m[Kclass drivers::socketcan::SocketCanReceiverNode[m[Kâ€™
   45 | class SOCKETCAN_PUBLIC [01;31m[KSocketCanReceiverNode[m[K final
      |                        [01;31m[K^~~~~~~~~~~~~~~~~~~~~[m[K
[01m[K/home/kimm/wearable_robot_ws/src/ros2_socketcan/ros2_socketcan/src/socket_can_receiver_node.cpp:22:7:[m[K [01;36m[Knote: [m[Kprevious definition of â€˜[01m[Kclass drivers::socketcan::SocketCanReceiverNode[m[Kâ€™
   22 | class [01;36m[KSocketCanReceiverNode[m[K : public rclcpp_lifecycle::LifecycleNode
      |       [01;36m[K^~~~~~~~~~~~~~~~~~~~~[m[K
[01m[K/home/kimm/wearable_robot_ws/src/ros2_socketcan/ros2_socketcan/src/socket_can_receiver_node.cpp:92:1:[m[K [01;31m[Kerror: [m[Kâ€˜[01m[KCallbackReturn[m[Kâ€™ does not name a type
   92 | [01;31m[KCallbackReturn[m[K SocketCanReceiverNode::on_configure(const rclcpp_lifecycle::State &)
      | [01;31m[K^~~~~~~~~~~~~~[m[K
[01m[K/home/kimm/wearable_robot_ws/src/ros2_socketcan/ros2_socketcan/src/socket_can_receiver_node.cpp:121:1:[m[K [01;31m[Kerror: [m[Kâ€˜[01m[KCallbackReturn[m[Kâ€™ does not name a type
  121 | [01;31m[KCallbackReturn[m[K SocketCanReceiverNode::on_activate(const rclcpp_lifecycle::State &)
      | [01;31m[K^~~~~~~~~~~~~~[m[K
[01m[K/home/kimm/wearable_robot_ws/src/ros2_socketcan/ros2_socketcan/src/socket_can_receiver_node.cpp:129:1:[m[K [01;31m[Kerror: [m[Kâ€˜[01m[KCallbackReturn[m[Kâ€™ does not name a type
  129 | [01;31m[KCallbackReturn[m[K SocketCanReceiverNode::on_deactivate(const rclcpp_lifecycle::State &)
      | [01;31m[K^~~~~~~~~~~~~~[m[K
[01m[K/home/kimm/wearable_robot_ws/src/ros2_socketcan/ros2_socketcan/src/socket_can_receiver_node.cpp:137:1:[m[K [01;31m[Kerror: [m[Kâ€˜[01m[KCallbackReturn[m[Kâ€™ does not name a type
  137 | [01;31m[KCallbackReturn[m[K SocketCanReceiverNode::on_cleanup(const rclcpp_lifecycle::State &)
      | [01;31m[K^~~~~~~~~~~~~~[m[K
[01m[K/home/kimm/wearable_robot_ws/src/ros2_socketcan/ros2_socketcan/src/socket_can_receiver_node.cpp:152:1:[m[K [01;31m[Kerror: [m[Kâ€˜[01m[KCallbackReturn[m[Kâ€™ does not name a type
  152 | [01;31m[KCallbackReturn[m[K SocketCanReceiverNode::on_shutdown(const rclcpp_lifecycle::State &)
      | [01;31m[K^~~~~~~~~~~~~~[m[K
make[2]: *** [CMakeFiles/socket_can_receiver_node.dir/build.make:63: CMakeFiles/socket_can_receiver_node.dir/src/socket_can_receiver_node.cpp.o] Error 1
make[1]: *** [CMakeFiles/Makefile2:301: CMakeFiles/socket_can_receiver_node.dir/all] Error 2
make: *** [Makefile:141: all] Error 2
