[0.034s] Invoking command in '/home/kimm/wearable_robot_ws/build/ros2_socketcan': CMAKE_PREFIX_PATH=/home/kimm/wearable_robot_ws/install/ros2_socketcan_msgs:/home/kimm/wearable_robot_ws/install/wearable_robot_hw:/home/kimm/wearable_robot_ws/install/wearable_robot_data_processing:/home/kimm/wearable_robot_ws/install/wearable_robot_interfaces:/home/kimm/wearable_robot_ws/install/wearable_robot_control:/home/kimm/wearable_robot_ws/install/wearable_robot_bringup:/home/kimm/wearable_robot_ws/install/ros2_socketcan:/home/kimm/wearable_robot_ws/install/can_comm:/home/kimm/install/can_data_extractor:/opt/ros/foxy LD_LIBRARY_PATH=/home/kimm/wearable_robot_ws/install/ros2_socketcan_msgs/lib:/home/kimm/wearable_robot_ws/install/wearable_robot_interfaces/lib:/home/kimm/wearable_robot_ws/install/ros2_socketcan/lib:/opt/ros/foxy/opt/yaml_cpp_vendor/lib:/opt/ros/foxy/opt/rviz_ogre_vendor/lib:/opt/ros/foxy/lib/aarch64-linux-gnu:/opt/ros/foxy/lib PYTHONPATH=/home/kimm/wearable_robot_ws/install/ros2_socketcan_msgs/lib/python3.8/site-packages:/home/kimm/wearable_robot_ws/install/wearable_robot_interfaces/lib/python3.8/site-packages:/opt/ros/foxy/lib/python3.8/site-packages /usr/bin/cmake --build /home/kimm/wearable_robot_ws/build/ros2_socketcan -- -j8 -l8
[0.157s] [  9%] Built target gtest
[0.164s] [ 33%] Built target ros2_socketcan
[0.167s] [ 42%] Built target gtest_main
[0.177s] [ 52%] Built target socket_can_receiver_node_exe
[0.178s] [ 61%] Built target socket_can_sender_node_exe
[0.228s] [ 71%] [32mBuilding CXX object CMakeFiles/socket_can_receiver_node.dir/src/socket_can_receiver_node.cpp.o[0m
[0.228s] [ 85%] Built target ros2_socketcan_test
[3.606s] In file included from [01m[K/home/kimm/wearable_robot_ws/src/ros2_socketcan/ros2_socketcan/src/socket_can_receiver_node.cpp:67[m[K:
[3.606s] [01m[K/home/kimm/wearable_robot_ws/src/ros2_socketcan/ros2_socketcan/include/ros2_socketcan/socket_can_receiver_node.hpp:45:24:[m[K [01;31m[Kerror: [m[Kredefinition of â€˜[01m[Kclass drivers::socketcan::SocketCanReceiverNode[m[Kâ€™
[3.607s]    45 | class SOCKETCAN_PUBLIC [01;31m[KSocketCanReceiverNode[m[K final
[3.607s]       |                        [01;31m[K^~~~~~~~~~~~~~~~~~~~~[m[K
[3.607s] [01m[K/home/kimm/wearable_robot_ws/src/ros2_socketcan/ros2_socketcan/src/socket_can_receiver_node.cpp:22:7:[m[K [01;36m[Knote: [m[Kprevious definition of â€˜[01m[Kclass drivers::socketcan::SocketCanReceiverNode[m[Kâ€™
[3.607s]    22 | class [01;36m[KSocketCanReceiverNode[m[K : public rclcpp_lifecycle::LifecycleNode
[3.607s]       |       [01;36m[K^~~~~~~~~~~~~~~~~~~~~[m[K
[3.647s] [01m[K/home/kimm/wearable_robot_ws/src/ros2_socketcan/ros2_socketcan/src/socket_can_receiver_node.cpp:92:1:[m[K [01;31m[Kerror: [m[Kâ€˜[01m[KCallbackReturn[m[Kâ€™ does not name a type
[3.648s]    92 | [01;31m[KCallbackReturn[m[K SocketCanReceiverNode::on_configure(const rclcpp_lifecycle::State &)
[3.648s]       | [01;31m[K^~~~~~~~~~~~~~[m[K
[3.648s] [01m[K/home/kimm/wearable_robot_ws/src/ros2_socketcan/ros2_socketcan/src/socket_can_receiver_node.cpp:121:1:[m[K [01;31m[Kerror: [m[Kâ€˜[01m[KCallbackReturn[m[Kâ€™ does not name a type
[3.648s]   121 | [01;31m[KCallbackReturn[m[K SocketCanReceiverNode::on_activate(const rclcpp_lifecycle::State &)
[3.648s]       | [01;31m[K^~~~~~~~~~~~~~[m[K
[3.650s] [01m[K/home/kimm/wearable_robot_ws/src/ros2_socketcan/ros2_socketcan/src/socket_can_receiver_node.cpp:129:1:[m[K [01;31m[Kerror: [m[Kâ€˜[01m[KCallbackReturn[m[Kâ€™ does not name a type
[3.650s]   129 | [01;31m[KCallbackReturn[m[K SocketCanReceiverNode::on_deactivate(const rclcpp_lifecycle::State &)
[3.650s]       | [01;31m[K^~~~~~~~~~~~~~[m[K
[3.654s] [01m[K/home/kimm/wearable_robot_ws/src/ros2_socketcan/ros2_socketcan/src/socket_can_receiver_node.cpp:137:1:[m[K [01;31m[Kerror: [m[Kâ€˜[01m[KCallbackReturn[m[Kâ€™ does not name a type
[3.655s]   137 | [01;31m[KCallbackReturn[m[K SocketCanReceiverNode::on_cleanup(const rclcpp_lifecycle::State &)
[3.655s]       | [01;31m[K^~~~~~~~~~~~~~[m[K
[3.659s] [01m[K/home/kimm/wearable_robot_ws/src/ros2_socketcan/ros2_socketcan/src/socket_can_receiver_node.cpp:152:1:[m[K [01;31m[Kerror: [m[Kâ€˜[01m[KCallbackReturn[m[Kâ€™ does not name a type
[3.659s]   152 | [01;31m[KCallbackReturn[m[K SocketCanReceiverNode::on_shutdown(const rclcpp_lifecycle::State &)
[3.660s]       | [01;31m[K^~~~~~~~~~~~~~[m[K
[5.659s] make[2]: *** [CMakeFiles/socket_can_receiver_node.dir/build.make:63: CMakeFiles/socket_can_receiver_node.dir/src/socket_can_receiver_node.cpp.o] Error 1
[5.660s] make[1]: *** [CMakeFiles/Makefile2:301: CMakeFiles/socket_can_receiver_node.dir/all] Error 2
[5.661s] make: *** [Makefile:141: all] Error 2
[5.667s] Invoked command in '/home/kimm/wearable_robot_ws/build/ros2_socketcan' returned '2': CMAKE_PREFIX_PATH=/home/kimm/wearable_robot_ws/install/ros2_socketcan_msgs:/home/kimm/wearable_robot_ws/install/wearable_robot_hw:/home/kimm/wearable_robot_ws/install/wearable_robot_data_processing:/home/kimm/wearable_robot_ws/install/wearable_robot_interfaces:/home/kimm/wearable_robot_ws/install/wearable_robot_control:/home/kimm/wearable_robot_ws/install/wearable_robot_bringup:/home/kimm/wearable_robot_ws/install/ros2_socketcan:/home/kimm/wearable_robot_ws/install/can_comm:/home/kimm/install/can_data_extractor:/opt/ros/foxy LD_LIBRARY_PATH=/home/kimm/wearable_robot_ws/install/ros2_socketcan_msgs/lib:/home/kimm/wearable_robot_ws/install/wearable_robot_interfaces/lib:/home/kimm/wearable_robot_ws/install/ros2_socketcan/lib:/opt/ros/foxy/opt/yaml_cpp_vendor/lib:/opt/ros/foxy/opt/rviz_ogre_vendor/lib:/opt/ros/foxy/lib/aarch64-linux-gnu:/opt/ros/foxy/lib PYTHONPATH=/home/kimm/wearable_robot_ws/install/ros2_socketcan_msgs/lib/python3.8/site-packages:/home/kimm/wearable_robot_ws/install/wearable_robot_interfaces/lib/python3.8/site-packages:/opt/ros/foxy/lib/python3.8/site-packages /usr/bin/cmake --build /home/kimm/wearable_robot_ws/build/ros2_socketcan -- -j8 -l8
