[0.033s] Invoking command in '/home/kimm/wearable_robot_ws/build/ros2_socketcan': CMAKE_PREFIX_PATH=/home/kimm/wearable_robot_ws/install/ros2_socketcan_msgs:/home/kimm/wearable_robot_ws/install/wearable_robot_hw:/home/kimm/wearable_robot_ws/install/wearable_robot_data_processing:/home/kimm/wearable_robot_ws/install/wearable_robot_interfaces:/home/kimm/wearable_robot_ws/install/wearable_robot_control:/home/kimm/wearable_robot_ws/install/wearable_robot_bringup:/home/kimm/wearable_robot_ws/install/ros2_socketcan:/home/kimm/wearable_robot_ws/install/can_comm:/home/kimm/install/can_data_extractor:/opt/ros/foxy LD_LIBRARY_PATH=/home/kimm/wearable_robot_ws/install/ros2_socketcan_msgs/lib:/home/kimm/wearable_robot_ws/install/wearable_robot_interfaces/lib:/home/kimm/wearable_robot_ws/install/ros2_socketcan/lib:/opt/ros/foxy/opt/yaml_cpp_vendor/lib:/opt/ros/foxy/opt/rviz_ogre_vendor/lib:/opt/ros/foxy/lib/aarch64-linux-gnu:/opt/ros/foxy/lib PYTHONPATH=/home/kimm/wearable_robot_ws/install/ros2_socketcan_msgs/lib/python3.8/site-packages:/home/kimm/wearable_robot_ws/install/wearable_robot_interfaces/lib/python3.8/site-packages:/opt/ros/foxy/lib/python3.8/site-packages /usr/bin/cmake --build /home/kimm/wearable_robot_ws/build/ros2_socketcan -- -j8 -l8
[0.100s] -- Found ament_cmake_auto: 0.9.12 (/opt/ros/foxy/share/ament_cmake_auto/cmake)
[0.148s] -- Using PYTHON_EXECUTABLE: /usr/bin/python3
[0.542s] -- Override CMake install command with custom implementation using symlinks instead of copying resources
[0.752s] -- Using all available rosidl_typesupport_c: rosidl_typesupport_fastrtps_c;rosidl_typesupport_introspection_c
[0.758s] -- Found rosidl_adapter: 1.3.1 (/opt/ros/foxy/share/rosidl_adapter/cmake)
[1.005s] -- Using all available rosidl_typesupport_cpp: rosidl_typesupport_fastrtps_cpp;rosidl_typesupport_introspection_cpp
[1.097s] -- Found rmw_implementation_cmake: 1.0.4 (/opt/ros/foxy/share/rmw_implementation_cmake/cmake)
[1.100s] -- Using RMW implementation 'rmw_fastrtps_cpp' as default
[1.655s] -- Found ament_lint_auto: 0.9.8 (/opt/ros/foxy/share/ament_lint_auto/cmake)
[1.668s] -- Found gtest sources under '/opt/ros/foxy/src/gtest_vendor': C++ tests using 'Google Test' will be built
[1.691s] -- Added test 'copyright' to check source files copyright and LICENSE
[1.694s] -- Added test 'cppcheck' to perform static code analysis on C / C++ code
[1.695s] -- Configured cppcheck include dirs: /home/kimm/wearable_robot_ws/src/ros2_socketcan/ros2_socketcan/include
[1.695s] -- Configured cppcheck exclude dirs and/or files: 
[1.698s] -- Added test 'cpplint' to check C / C++ code against the Google style
[1.698s] -- Configured cpplint exclude dirs and/or files: 
[1.699s] -- Added test 'flake8' to check Python code syntax and style conventions
[1.700s] -- Added test 'lint_cmake' to check CMake code style
[1.701s] -- Added test 'pep257' to check Python code against some of the style conventions in PEP 257
[1.703s] -- Added test 'uncrustify' to check C / C++ code style
[1.704s] -- Configured uncrustify additional arguments: 
[1.704s] -- Added test 'xmllint' to check XML markup files
[1.716s] -- Configuring done
[1.792s] -- Generating done
[1.825s] -- Build files have been written to: /home/kimm/wearable_robot_ws/build/ros2_socketcan
[1.921s] [ 19%] Built target gtest
[1.921s] [ 19%] Built target gtest_main
[1.934s] [ 42%] Built target ros2_socketcan
[1.938s] [ 52%] Built target socket_can_sender_node_exe
[1.939s] [ 61%] Built target socket_can_receiver_node_exe
[1.963s] [35m[1mScanning dependencies of target socket_can_receiver_node[0m
[1.993s] [ 80%] Built target ros2_socketcan_test
[2.029s] [ 85%] [32mBuilding CXX object CMakeFiles/socket_can_receiver_node.dir/src/socket_can_receiver_node.cpp.o[0m
[5.420s] In file included from [01m[K/home/kimm/wearable_robot_ws/src/ros2_socketcan/ros2_socketcan/src/socket_can_receiver_node.cpp:67[m[K:
[5.420s] [01m[K/home/kimm/wearable_robot_ws/src/ros2_socketcan/ros2_socketcan/include/ros2_socketcan/socket_can_receiver_node.hpp:45:24:[m[K [01;31m[Kerror: [m[Kredefinition of â€˜[01m[Kclass drivers::socketcan::SocketCanReceiverNode[m[Kâ€™
[5.420s]    45 | class SOCKETCAN_PUBLIC [01;31m[KSocketCanReceiverNode[m[K final
[5.420s]       |                        [01;31m[K^~~~~~~~~~~~~~~~~~~~~[m[K
[5.420s] [01m[K/home/kimm/wearable_robot_ws/src/ros2_socketcan/ros2_socketcan/src/socket_can_receiver_node.cpp:22:7:[m[K [01;36m[Knote: [m[Kprevious definition of â€˜[01m[Kclass drivers::socketcan::SocketCanReceiverNode[m[Kâ€™
[5.421s]    22 | class [01;36m[KSocketCanReceiverNode[m[K : public rclcpp_lifecycle::LifecycleNode
[5.421s]       |       [01;36m[K^~~~~~~~~~~~~~~~~~~~~[m[K
[5.453s] [01m[K/home/kimm/wearable_robot_ws/src/ros2_socketcan/ros2_socketcan/src/socket_can_receiver_node.cpp:92:1:[m[K [01;31m[Kerror: [m[Kâ€˜[01m[KCallbackReturn[m[Kâ€™ does not name a type
[5.453s]    92 | [01;31m[KCallbackReturn[m[K SocketCanReceiverNode::on_configure(const rclcpp_lifecycle::State &)
[5.453s]       | [01;31m[K^~~~~~~~~~~~~~[m[K
[5.456s] [01m[K/home/kimm/wearable_robot_ws/src/ros2_socketcan/ros2_socketcan/src/socket_can_receiver_node.cpp:121:1:[m[K [01;31m[Kerror: [m[Kâ€˜[01m[KCallbackReturn[m[Kâ€™ does not name a type
[5.456s]   121 | [01;31m[KCallbackReturn[m[K SocketCanReceiverNode::on_activate(const rclcpp_lifecycle::State &)
[5.456s]       | [01;31m[K^~~~~~~~~~~~~~[m[K
[5.460s] [01m[K/home/kimm/wearable_robot_ws/src/ros2_socketcan/ros2_socketcan/src/socket_can_receiver_node.cpp:129:1:[m[K [01;31m[Kerror: [m[Kâ€˜[01m[KCallbackReturn[m[Kâ€™ does not name a type
[5.460s]   129 | [01;31m[KCallbackReturn[m[K SocketCanReceiverNode::on_deactivate(const rclcpp_lifecycle::State &)
[5.460s]       | [01;31m[K^~~~~~~~~~~~~~[m[K
[5.463s] [01m[K/home/kimm/wearable_robot_ws/src/ros2_socketcan/ros2_socketcan/src/socket_can_receiver_node.cpp:137:1:[m[K [01;31m[Kerror: [m[Kâ€˜[01m[KCallbackReturn[m[Kâ€™ does not name a type
[5.464s]   137 | [01;31m[KCallbackReturn[m[K SocketCanReceiverNode::on_cleanup(const rclcpp_lifecycle::State &)
[5.464s]       | [01;31m[K^~~~~~~~~~~~~~[m[K
[5.467s] [01m[K/home/kimm/wearable_robot_ws/src/ros2_socketcan/ros2_socketcan/src/socket_can_receiver_node.cpp:152:1:[m[K [01;31m[Kerror: [m[Kâ€˜[01m[KCallbackReturn[m[Kâ€™ does not name a type
[5.467s]   152 | [01;31m[KCallbackReturn[m[K SocketCanReceiverNode::on_shutdown(const rclcpp_lifecycle::State &)
[5.468s]       | [01;31m[K^~~~~~~~~~~~~~[m[K
[7.424s] make[2]: *** [CMakeFiles/socket_can_receiver_node.dir/build.make:63: CMakeFiles/socket_can_receiver_node.dir/src/socket_can_receiver_node.cpp.o] Error 1
[7.425s] make[1]: *** [CMakeFiles/Makefile2:301: CMakeFiles/socket_can_receiver_node.dir/all] Error 2
[7.425s] make: *** [Makefile:141: all] Error 2
[7.435s] Invoked command in '/home/kimm/wearable_robot_ws/build/ros2_socketcan' returned '2': CMAKE_PREFIX_PATH=/home/kimm/wearable_robot_ws/install/ros2_socketcan_msgs:/home/kimm/wearable_robot_ws/install/wearable_robot_hw:/home/kimm/wearable_robot_ws/install/wearable_robot_data_processing:/home/kimm/wearable_robot_ws/install/wearable_robot_interfaces:/home/kimm/wearable_robot_ws/install/wearable_robot_control:/home/kimm/wearable_robot_ws/install/wearable_robot_bringup:/home/kimm/wearable_robot_ws/install/ros2_socketcan:/home/kimm/wearable_robot_ws/install/can_comm:/home/kimm/install/can_data_extractor:/opt/ros/foxy LD_LIBRARY_PATH=/home/kimm/wearable_robot_ws/install/ros2_socketcan_msgs/lib:/home/kimm/wearable_robot_ws/install/wearable_robot_interfaces/lib:/home/kimm/wearable_robot_ws/install/ros2_socketcan/lib:/opt/ros/foxy/opt/yaml_cpp_vendor/lib:/opt/ros/foxy/opt/rviz_ogre_vendor/lib:/opt/ros/foxy/lib/aarch64-linux-gnu:/opt/ros/foxy/lib PYTHONPATH=/home/kimm/wearable_robot_ws/install/ros2_socketcan_msgs/lib/python3.8/site-packages:/home/kimm/wearable_robot_ws/install/wearable_robot_interfaces/lib/python3.8/site-packages:/opt/ros/foxy/lib/python3.8/site-packages /usr/bin/cmake --build /home/kimm/wearable_robot_ws/build/ros2_socketcan -- -j8 -l8
