[35m[1mScanning dependencies of target can_receiver_401_node[0m
[35m[1mScanning dependencies of target can_receiver_100_node[0m
[ 16%] Built target displacement_data_logger
[ 25%] [32mBuilding CXX object CMakeFiles/can_receiver_100_node.dir/src/can_receiver_100_node.cpp.o[0m
[ 33%] [32mBuilding CXX object CMakeFiles/can_receiver_401_node.dir/src/can_receiver_401_node.cpp.o[0m
[ 50%] Built target data_parser_node
[ 66%] Built target displacement_processing_node
[ 83%] Built target IMU_processing_node
[01m[K/home/kimm/wearable_robot_ws/src/wearable_robot_data_processing/src/can_receiver_100_node.cpp:16:1:[m[K [01;31m[Kerror: [m[Kâ€˜[01m[KCallbackReturn[m[Kâ€™ does not name a type
   16 | [01;31m[KCallbackReturn[m[K CanReceiver100Node::on_configure(const rclcpp_lifecycle::State &)
      | [01;31m[K^~~~~~~~~~~~~~[m[K
[01m[K/home/kimm/wearable_robot_ws/src/wearable_robot_data_processing/src/can_receiver_100_node.cpp:[m[K In member function â€˜[01m[Kvoid drivers::socketcan::CanReceiver100Node::receive()[m[Kâ€™:
[01m[K/home/kimm/wearable_robot_ws/src/wearable_robot_data_processing/src/can_receiver_100_node.cpp:41:30:[m[K [01;31m[Kerror: [m[Kâ€˜[01m[Klifecycle_msgs::msg::State[m[Kâ€™ has not been declared
   41 |         lifecycle_msgs::msg::[01;31m[KState[m[K::PRIMARY_STATE_ACTIVE) {
      |                              [01;31m[K^~~~~[m[K
[01m[K/home/kimm/wearable_robot_ws/src/wearable_robot_data_processing/src/can_receiver_100_node.cpp:[m[K At global scope:
[01m[K/home/kimm/wearable_robot_ws/src/wearable_robot_data_processing/src/can_receiver_100_node.cpp:73:71:[m[K [01;31m[Kerror: [m[Kexpected constructor, destructor, or type conversion at end of input
   73 | RCLCPP_COMPONENTS_REGISTER_NODE(drivers::socketcan::CanReceiver100Node[01;31m[K)[m[K
      |                                                                       [01;31m[K^[m[K
[01m[K/home/kimm/wearable_robot_ws/src/wearable_robot_data_processing/src/can_receiver_401_node.cpp:16:1:[m[K [01;31m[Kerror: [m[Kâ€˜[01m[KCallbackReturn[m[Kâ€™ does not name a type
   16 | [01;31m[KCallbackReturn[m[K CanReceiver401Node::on_configure(const rclcpp_lifecycle::State &)
      | [01;31m[K^~~~~~~~~~~~~~[m[K
[01m[K/home/kimm/wearable_robot_ws/src/wearable_robot_data_processing/src/can_receiver_401_node.cpp:[m[K In member function â€˜[01m[Kvoid drivers::socketcan::CanReceiver401Node::receive()[m[Kâ€™:
[01m[K/home/kimm/wearable_robot_ws/src/wearable_robot_data_processing/src/can_receiver_401_node.cpp:41:30:[m[K [01;31m[Kerror: [m[Kâ€˜[01m[Klifecycle_msgs::msg::State[m[Kâ€™ has not been declared
   41 |         lifecycle_msgs::msg::[01;31m[KState[m[K::PRIMARY_STATE_ACTIVE) {
      |                              [01;31m[K^~~~~[m[K
[01m[K/home/kimm/wearable_robot_ws/src/wearable_robot_data_processing/src/can_receiver_401_node.cpp:[m[K At global scope:
[01m[K/home/kimm/wearable_robot_ws/src/wearable_robot_data_processing/src/can_receiver_401_node.cpp:73:71:[m[K [01;31m[Kerror: [m[Kexpected constructor, destructor, or type conversion at end of input
   73 | RCLCPP_COMPONENTS_REGISTER_NODE(drivers::socketcan::CanReceiver401Node[01;31m[K)[m[K
      |                                                                       [01;31m[K^[m[K
make[2]: *** [CMakeFiles/can_receiver_100_node.dir/build.make:63: CMakeFiles/can_receiver_100_node.dir/src/can_receiver_100_node.cpp.o] Error 1
make[1]: *** [CMakeFiles/Makefile2:88: CMakeFiles/can_receiver_100_node.dir/all] Error 2
make[1]: *** Waiting for unfinished jobs....
make[2]: *** [CMakeFiles/can_receiver_401_node.dir/build.make:63: CMakeFiles/can_receiver_401_node.dir/src/can_receiver_401_node.cpp.o] Error 1
make[1]: *** [CMakeFiles/Makefile2:115: CMakeFiles/can_receiver_401_node.dir/all] Error 2
make: *** [Makefile:141: all] Error 2
