[01m[K/home/kimm/wearable_robot_ws/src/wearable_robot_data_processing/src/displacement_processing_node.cpp:[m[K In member function â€˜[01m[Kvoid DisplacementProcessingNode::displacement_callback(wearable_robot_interfaces::msg::DisplacementRawData_<std::allocator<void> >::SharedPtr)[m[Kâ€™:
[01m[K/home/kimm/wearable_robot_ws/src/wearable_robot_data_processing/src/displacement_processing_node.cpp:95:44:[m[K [01;31m[Kerror: [m[Kâ€˜[01m[Kusing element_type = struct wearable_robot_interfaces::msg::DisplacementRawData_<std::allocator<void> >[m[Kâ€™ {aka â€˜[01m[Kstruct wearable_robot_interfaces::msg::DisplacementRawData_<std::allocator<void> >[m[Kâ€™} has no member named â€˜[01m[Kdisplacement[m[Kâ€™; did you mean â€˜[01m[Kdisplacement_raw[m[Kâ€™?
   95 |         size_t num_received_sensors = msg->[01;31m[Kdisplacement[m[K.size();
      |                                            [01;31m[K^~~~~~~~~~~~[m[K
      |                                            [32m[Kdisplacement_raw[m[K
[01m[K/home/kimm/wearable_robot_ws/src/wearable_robot_data_processing/src/displacement_processing_node.cpp:104:67:[m[K [01;31m[Kerror: [m[Kâ€˜[01m[Kusing element_type = struct wearable_robot_interfaces::msg::DisplacementRawData_<std::allocator<void> >[m[Kâ€™ {aka â€˜[01m[Kstruct wearable_robot_interfaces::msg::DisplacementRawData_<std::allocator<void> >[m[Kâ€™} has no member named â€˜[01m[Kdisplacement[m[Kâ€™; did you mean â€˜[01m[Kdisplacement_raw[m[Kâ€™?
  104 |             float filtered_voltage = filterDisplacementValue(msg->[01;31m[Kdisplacement[m[K[i], displacement_queues_[i]);
      |                                                                   [01;31m[K^~~~~~~~~~~~[m[K
      |                                                                   [32m[Kdisplacement_raw[m[K
make[2]: *** [CMakeFiles/displacement_processing_node.dir/build.make:63: CMakeFiles/displacement_processing_node.dir/src/displacement_processing_node.cpp.o] Error 1
make[1]: *** [CMakeFiles/Makefile2:192: CMakeFiles/displacement_processing_node.dir/all] Error 2
make[1]: *** Waiting for unfinished jobs....
make: *** [Makefile:141: all] Error 2
