-- Found ament_cmake: 0.9.12 (/opt/ros/foxy/share/ament_cmake/cmake)
-- Using PYTHON_EXECUTABLE: /usr/bin/python3
-- Override CMake install command with custom implementation using symlinks instead of copying resources
-- Found rclcpp: 2.4.3 (/opt/ros/foxy/share/rclcpp/cmake)
-- Using all available rosidl_typesupport_c: rosidl_typesupport_fastrtps_c;rosidl_typesupport_introspection_c
-- Found rosidl_adapter: 1.3.1 (/opt/ros/foxy/share/rosidl_adapter/cmake)
-- Using all available rosidl_typesupport_cpp: rosidl_typesupport_fastrtps_cpp;rosidl_typesupport_introspection_cpp
-- Found rmw_implementation_cmake: 1.0.4 (/opt/ros/foxy/share/rmw_implementation_cmake/cmake)
-- Using RMW implementation 'rmw_fastrtps_cpp' as default
-- Found wearable_robot_interfaces: 0.0.0 (/home/kimm/wearable_robot_ws/install/wearable_robot_interfaces/share/wearable_robot_interfaces/cmake)
-- Found rclcpp_lifecycle: 2.4.3 (/opt/ros/foxy/share/rclcpp_lifecycle/cmake)
-- Found ros2_socketcan_msgs: 1.3.0 (/home/kimm/wearable_robot_ws/install/ros2_socketcan_msgs/share/ros2_socketcan_msgs/cmake)
-- Found ros2_socketcan: 1.3.0 (/home/kimm/wearable_robot_ws/install/ros2_socketcan/share/ros2_socketcan/cmake)
-- Found ament_lint_auto: 0.9.8 (/opt/ros/foxy/share/ament_lint_auto/cmake)
-- Added test 'copyright' to check source files copyright and LICENSE
-- Added test 'cppcheck' to perform static code analysis on C / C++ code
-- Configured cppcheck include dirs: /home/kimm/wearable_robot_ws/src/wearable_robot_data_processing/include
-- Configured cppcheck exclude dirs and/or files: 
-- Added test 'cpplint' to check C / C++ code against the Google style
-- Configured cpplint exclude dirs and/or files: 
-- Added test 'lint_cmake' to check CMake code style
-- Added test 'uncrustify' to check C / C++ code style
-- Configured uncrustify additional arguments: 
-- Added test 'xmllint' to check XML markup files
-- Configuring done
-- Generating done
-- Build files have been written to: /home/kimm/wearable_robot_ws/build/wearable_robot_data_processing
[35m[1mScanning dependencies of target displacement_processing_node[0m
[35m[1mScanning dependencies of target can_data_processor[0m
[35m[1mScanning dependencies of target data_parser_node[0m
[ 25%] Built target IMU_processing_node
[ 37%] [32mBuilding CXX object CMakeFiles/displacement_processing_node.dir/src/displacement_processing_node.cpp.o[0m
[ 50%] [32mBuilding CXX object CMakeFiles/can_data_processor.dir/src/can_data_processor.cpp.o[0m
[ 62%] [32mBuilding CXX object CMakeFiles/data_parser_node.dir/src/data_parser_node.cpp.o[0m
[01m[K/home/kimm/wearable_robot_ws/src/wearable_robot_data_processing/src/displacement_processing_node.cpp:[m[K In member function â€˜[01m[Kvoid DisplacementProcessingNode::displacement_callback(wearable_robot_interfaces::msg::DisplacementRawData_<std::allocator<void> >::SharedPtr)[m[Kâ€™:
[01m[K/home/kimm/wearable_robot_ws/src/wearable_robot_data_processing/src/displacement_processing_node.cpp:95:44:[m[K [01;31m[Kerror: [m[Kâ€˜[01m[Kusing element_type = struct wearable_robot_interfaces::msg::DisplacementRawData_<std::allocator<void> >[m[Kâ€™ {aka â€˜[01m[Kstruct wearable_robot_interfaces::msg::DisplacementRawData_<std::allocator<void> >[m[Kâ€™} has no member named â€˜[01m[Kdisplacement[m[Kâ€™; did you mean â€˜[01m[Kdisplacement_raw[m[Kâ€™?
   95 |         size_t num_received_sensors = msg->[01;31m[Kdisplacement[m[K.size();
      |                                            [01;31m[K^~~~~~~~~~~~[m[K
      |                                            [32m[Kdisplacement_raw[m[K
[01m[K/home/kimm/wearable_robot_ws/src/wearable_robot_data_processing/src/displacement_processing_node.cpp:104:67:[m[K [01;31m[Kerror: [m[Kâ€˜[01m[Kusing element_type = struct wearable_robot_interfaces::msg::DisplacementRawData_<std::allocator<void> >[m[Kâ€™ {aka â€˜[01m[Kstruct wearable_robot_interfaces::msg::DisplacementRawData_<std::allocator<void> >[m[Kâ€™} has no member named â€˜[01m[Kdisplacement[m[Kâ€™; did you mean â€˜[01m[Kdisplacement_raw[m[Kâ€™?
  104 |             float filtered_voltage = filterDisplacementValue(msg->[01;31m[Kdisplacement[m[K[i], displacement_queues_[i]);
      |                                                                   [01;31m[K^~~~~~~~~~~~[m[K
      |                                                                   [32m[Kdisplacement_raw[m[K
make[2]: *** [CMakeFiles/displacement_processing_node.dir/build.make:63: CMakeFiles/displacement_processing_node.dir/src/displacement_processing_node.cpp.o] Error 1
make[1]: *** [CMakeFiles/Makefile2:192: CMakeFiles/displacement_processing_node.dir/all] Error 2
make[1]: *** Waiting for unfinished jobs....
[ 75%] [32m[1mLinking CXX executable can_data_processor[0m
[ 75%] Built target can_data_processor
[ 87%] [32m[1mLinking CXX executable data_parser_node[0m
[ 87%] Built target data_parser_node
make: *** [Makefile:141: all] Error 2
